<?xml version="1.0" encoding="UTF-8"?>
<!-- Generated by org.testng.reporters.JUnitReportReporter -->
<testsuite hostname="PC07VPNK" name="sample.SampleGitClass" tests="1" failures="0" timestamp="12 Dec 2017 09:22:58 GMT" time="0.007" errors="0">
  <testcase name="main" time="0.007" classname="sample.SampleGitClass"/>
</testsuite> <!-- sample.SampleGitClass -->
