<?xml version="1.0" encoding="UTF-8"?>
<!-- Generated by org.testng.reporters.JUnitReportReporter -->
<testsuite name="sample.SampleGitClass" tests="1" time="0.005" ignored="0" failures="0" timestamp="12 Dec 2017 10:18:12 GMT" skipped="0" hostname="PC07VPNK" errors="0">
  <testcase name="main" time="0.005" classname="sample.SampleGitClass"/>
</testsuite> <!-- sample.SampleGitClass -->
